<?xml version="1.0" encoding="UTF-8"?>
<testsuites>
  <testsuite name="" tests="5" assertions="22" errors="0" warnings="0" failures="0" skipped="0" time="0.653758">
    <testsuite name="Test" tests="5" assertions="22" errors="0" warnings="0" failures="0" skipped="0" time="0.653758">
      <testsuite name="Ukeloop\ValidationRuleBuilder\Tests\ValidationRuleBuilderTest" file="/workspace/tests/ValidationRuleBuilderTest.php" tests="5" assertions="22" errors="0" warnings="0" failures="0" skipped="0" time="0.653758">
        <testcase name="testItCanUseClosures" class="Ukeloop\ValidationRuleBuilder\Tests\ValidationRuleBuilderTest" classname="Ukeloop.ValidationRuleBuilder.Tests.ValidationRuleBuilderTest" file="/workspace/tests/ValidationRuleBuilderTest.php" line="114" assertions="4" time="0.501513"/>
        <testcase name="testItCanFails" class="Ukeloop\ValidationRuleBuilder\Tests\ValidationRuleBuilderTest" classname="Ukeloop.ValidationRuleBuilder.Tests.ValidationRuleBuilderTest" file="/workspace/tests/ValidationRuleBuilderTest.php" line="65" assertions="6" time="0.075285"/>
        <testcase name="testItCanPasses" class="Ukeloop\ValidationRuleBuilder\Tests\ValidationRuleBuilderTest" classname="Ukeloop.ValidationRuleBuilder.Tests.ValidationRuleBuilderTest" file="/workspace/tests/ValidationRuleBuilderTest.php" line="16" assertions="1" time="0.023702"/>
        <testcase name="testItCanUseWithMethodChainPattern" class="Ukeloop\ValidationRuleBuilder\Tests\ValidationRuleBuilderTest" classname="Ukeloop.ValidationRuleBuilder.Tests.ValidationRuleBuilderTest" file="/workspace/tests/ValidationRuleBuilderTest.php" line="37" assertions="7" time="0.023375"/>
        <testcase name="testItCanRuleObjects" class="Ukeloop\ValidationRuleBuilder\Tests\ValidationRuleBuilderTest" classname="Ukeloop.ValidationRuleBuilder.Tests.ValidationRuleBuilderTest" file="/workspace/tests/ValidationRuleBuilderTest.php" line="93" assertions="4" time="0.029883"/>
      </testsuite>
    </testsuite>
  </testsuite>
</testsuites>
